<?xml version='1.0' encoding='utf-8'?>
<nmaprun scanner="nmap" args="nmap -sV -sC -O" start="1749702572" version="7.92"><scaninfo type="syn" protocol="tcp" services="1-65535" /><host><status state="up" reason="syn-ack" /><address addr="204.89.131.86" addrtype="ipv4" /><hostnames><hostname name="carter-morales.biz" type="user" /></hostnames><ports><port protocol="tcp" portid="5432"><state state="open" reason="syn-ack" /><service name="http" product="Apache httpd" version="2.6.18" /></port></ports></host><host><status state="up" reason="syn-ack" /><address addr="41.58.196.150" addrtype="ipv4" /><hostnames><hostname name="goodwin-jackson.org" type="user" /></hostnames><ports><port protocol="tcp" portid="22"><state state="open" reason="syn-ack" /><service name="http" product="PostgreSQL" version="7.7.18" /><script id="http-vuln-cve2017-5638" output="VULNERABLE: Focus military truth analysis." /></port><port protocol="tcp" portid="3306"><state state="open" reason="syn-ack" /><service name="https" product="Apache httpd" version="9.1.14" /><script id="http-vuln-cve2017-5638" output="VULNERABLE: Daughter apply process even important summer available." /></port></ports></host><host><status state="up" reason="syn-ack" /><address addr="153.220.203.220" addrtype="ipv4" /><hostnames><hostname name="deleon.com" type="user" /></hostnames><ports><port protocol="tcp" portid="3306"><state state="open" reason="syn-ack" /><service name="mysql" product="nginx" version="9.6.5" /></port><port protocol="tcp" portid="5432"><state state="open" reason="syn-ack" /><service name="postgresql" product="MySQL" version="8.8.1" /><script id="ssl-heartbleed" output="VULNERABLE: When part top fire." /></port><port protocol="tcp" portid="5432"><state state="open" reason="syn-ack" /><service name="ftp" product="Apache httpd" version="10.0.14" /></port><port protocol="tcp" portid="443"><state state="open" reason="syn-ack" /><service name="ssh" product="Apache httpd" version="8.7.9" /></port><port protocol="tcp" portid="8443"><state state="open" reason="syn-ack" /><service name="http" product="MySQL" version="9.1.0" /></port><port protocol="tcp" portid="80"><state state="open" reason="syn-ack" /><service name="ssh" product="OpenSSH" version="3.3.19" /></port><port protocol="tcp" portid="80"><state state="open" reason="syn-ack" /><service name="postgresql" product="MySQL" version="3.1.13" /><script id="ssl-cert" output="VULNERABLE: There keep discover wide part recent." /></port></ports></host><host><status state="up" reason="syn-ack" /><address addr="221.73.177.137" addrtype="ipv4" /><hostnames><hostname name="oliver.org" type="user" /></hostnames><ports><port protocol="tcp" portid="3306"><state state="open" reason="syn-ack" /><service name="ssh" product="Apache httpd" version="9.0.7" /></port><port protocol="tcp" portid="8080"><state state="open" reason="syn-ack" /><service name="ftp" product="OpenSSH" version="4.3.17" /></port><port protocol="tcp" portid="5432"><state state="open" reason="syn-ack" /><service name="ftp" product="OpenSSH" version="4.3.4" /><script id="ssl-cert" output="VULNERABLE: Power perhaps truth true scene arm." /></port><port protocol="tcp" portid="21"><state state="open" reason="syn-ack" /><service name="https" product="MySQL" version="7.3.14" /></port><port protocol="tcp" portid="3306"><state state="open" reason="syn-ack" /><service name="ftp" product="Apache httpd" version="10.3.1" /><script id="ssl-cert" output="VULNERABLE: Sort including indicate response watch card happy." /></port><port protocol="tcp" portid="80"><state state="open" reason="syn-ack" /><service name="mysql" product="nginx" version="5.0.16" /></port></ports></host><host><status state="up" reason="syn-ack" /><address addr="120.245.11.41" addrtype="ipv4" /><hostnames><hostname name="roman.com" type="user" /></hostnames><ports><port protocol="tcp" portid="22"><state state="open" reason="syn-ack" /><service name="ftp" product="OpenSSH" version="5.8.11" /></port></ports></host></nmaprun>