<?xml version='1.0' encoding='utf-8'?>
<nmaprun scanner="nmap" args="nmap -sV -sC -O" start="1749702572" version="7.92"><scaninfo type="syn" protocol="tcp" services="1-65535" /><host><status state="up" reason="syn-ack" /><address addr="189.151.159.115" addrtype="ipv4" /><hostnames><hostname name="martinez-lutz.com" type="user" /></hostnames><ports><port protocol="tcp" portid="8443"><state state="open" reason="syn-ack" /><service name="https" product="nginx" version="5.4.9" /><script id="ssl-cert" output="VULNERABLE: Pretty feeling with item continue situation." /></port></ports></host><host><status state="up" reason="syn-ack" /><address addr="105.53.5.49" addrtype="ipv4" /><hostnames><hostname name="anthony-johnson.org" type="user" /></hostnames><ports><port protocol="tcp" portid="22"><state state="open" reason="syn-ack" /><service name="postgresql" product="OpenSSH" version="7.8.2" /></port><port protocol="tcp" portid="8443"><state state="open" reason="syn-ack" /><service name="https" product="Apache httpd" version="6.5.0" /><script id="ssl-heartbleed" output="VULNERABLE: Fear everything top chance." /></port><port protocol="tcp" portid="8443"><state state="open" reason="syn-ack" /><service name="postgresql" product="Apache httpd" version="1.6.14" /></port><port protocol="tcp" portid="8443"><state state="open" reason="syn-ack" /><service name="ssh" product="Apache httpd" version="5.7.8" /></port></ports></host><host><status state="up" reason="syn-ack" /><address addr="119.92.67.146" addrtype="ipv4" /><hostnames><hostname name="murphy.com" type="user" /></hostnames><ports><port protocol="tcp" portid="5432"><state state="open" reason="syn-ack" /><service name="ftp" product="Apache httpd" version="3.6.15" /></port><port protocol="tcp" portid="80"><state state="open" reason="syn-ack" /><service name="mysql" product="nginx" version="4.0.9" /></port><port protocol="tcp" portid="80"><state state="open" reason="syn-ack" /><service name="postgresql" product="PostgreSQL" version="5.3.14" /></port><port protocol="tcp" portid="8443"><state state="open" reason="syn-ack" /><service name="https" product="PostgreSQL" version="8.2.1" /></port><port protocol="tcp" portid="80"><state state="open" reason="syn-ack" /><service name="http" product="Apache httpd" version="5.7.1" /></port></ports></host><host><status state="up" reason="syn-ack" /><address addr="134.10.189.10" addrtype="ipv4" /><hostnames><hostname name="jackson.com" type="user" /></hostnames><ports><port protocol="tcp" portid="3306"><state state="open" reason="syn-ack" /><service name="ssh" product="nginx" version="6.5.8" /></port><port protocol="tcp" portid="8080"><state state="open" reason="syn-ack" /><service name="mysql" product="OpenSSH" version="3.8.1" /><script id="ssl-heartbleed" output="VULNERABLE: Already tree explain seat future." /></port><port protocol="tcp" portid="21"><state state="open" reason="syn-ack" /><service name="ssh" product="MySQL" version="5.0.16" /><script id="http-vuln-cve2017-5638" output="VULNERABLE: Pick relate responsibility important sound record money." /></port><port protocol="tcp" portid="22"><state state="open" reason="syn-ack" /><service name="postgresql" product="nginx" version="5.2.2" /><script id="ssl-heartbleed" output="VULNERABLE: Security officer development skill throw." /></port><port protocol="tcp" portid="5432"><state state="open" reason="syn-ack" /><service name="http" product="nginx" version="8.3.1" /></port><port protocol="tcp" portid="3306"><state state="open" reason="syn-ack" /><service name="postgresql" product="Apache httpd" version="5.2.20" /><script id="ssl-cert" output="VULNERABLE: Tonight situation night past feel focus safe." /></port><port protocol="tcp" portid="22"><state state="open" reason="syn-ack" /><service name="mysql" product="nginx" version="5.2.19" /><script id="http-vuln-cve2017-5638" output="VULNERABLE: Create face speak feeling." /></port><port protocol="tcp" portid="8443"><state state="open" reason="syn-ack" /><service name="postgresql" product="nginx" version="4.1.16" /></port><port protocol="tcp" portid="8080"><state state="open" reason="syn-ack" /><service name="https" product="MySQL" version="6.4.1" /></port><port protocol="tcp" portid="22"><state state="open" reason="syn-ack" /><service name="ftp" product="nginx" version="3.0.10" /></port></ports></host><host><status state="up" reason="syn-ack" /><address addr="26.70.225.2" addrtype="ipv4" /><hostnames><hostname name="roberts.com" type="user" /></hostnames><ports><port protocol="tcp" portid="5432"><state state="open" reason="syn-ack" /><service name="https" product="MySQL" version="4.5.14" /></port></ports></host></nmaprun>