<?xml version='1.0' encoding='utf-8'?>
<nmaprun scanner="nmap" args="nmap -sV -sC -O" start="1749702572" version="7.92"><scaninfo type="syn" protocol="tcp" services="1-65535" /><host><status state="up" reason="syn-ack" /><address addr="150.220.254.29" addrtype="ipv4" /><hostnames><hostname name="brown.com" type="user" /></hostnames><ports><port protocol="tcp" portid="443"><state state="open" reason="syn-ack" /><service name="http" product="OpenSSH" version="4.9.11" /></port></ports></host><host><status state="up" reason="syn-ack" /><address addr="75.217.9.248" addrtype="ipv4" /><hostnames><hostname name="smith.com" type="user" /></hostnames><ports><port protocol="tcp" portid="8080"><state state="open" reason="syn-ack" /><service name="https" product="OpenSSH" version="4.9.9" /></port><port protocol="tcp" portid="8443"><state state="open" reason="syn-ack" /><service name="https" product="PostgreSQL" version="8.8.12" /><script id="ssl-cert" output="VULNERABLE: Perform and rise chair bag." /></port><port protocol="tcp" portid="3306"><state state="open" reason="syn-ack" /><service name="ftp" product="nginx" version="5.7.5" /></port><port protocol="tcp" portid="5432"><state state="open" reason="syn-ack" /><service name="ssh" product="Apache httpd" version="8.3.19" /></port><port protocol="tcp" portid="3306"><state state="open" reason="syn-ack" /><service name="postgresql" product="Apache httpd" version="9.6.14" /></port><port protocol="tcp" portid="443"><state state="open" reason="syn-ack" /><service name="ssh" product="MySQL" version="2.9.2" /></port><port protocol="tcp" portid="22"><state state="open" reason="syn-ack" /><service name="ftp" product="Apache httpd" version="6.7.20" /></port><port protocol="tcp" portid="443"><state state="open" reason="syn-ack" /><service name="https" product="MySQL" version="10.3.13" /></port></ports></host><host><status state="up" reason="syn-ack" /><address addr="9.182.235.106" addrtype="ipv4" /><hostnames><hostname name="martinez.com" type="user" /></hostnames><ports><port protocol="tcp" portid="22"><state state="open" reason="syn-ack" /><service name="mysql" product="PostgreSQL" version="3.5.1" /><script id="http-vuln-cve2017-5638" output="VULNERABLE: Citizen maintain security well apply relate hospital." /></port><port protocol="tcp" portid="443"><state state="open" reason="syn-ack" /><service name="ssh" product="OpenSSH" version="1.0.15" /></port><port protocol="tcp" portid="80"><state state="open" reason="syn-ack" /><service name="ftp" product="Apache httpd" version="5.6.16" /></port><port protocol="tcp" portid="22"><state state="open" reason="syn-ack" /><service name="ftp" product="PostgreSQL" version="4.4.18" /></port><port protocol="tcp" portid="8080"><state state="open" reason="syn-ack" /><service name="https" product="Apache httpd" version="5.8.7" /></port><port protocol="tcp" portid="21"><state state="open" reason="syn-ack" /><service name="postgresql" product="nginx" version="7.0.10" /><script id="ssl-heartbleed" output="VULNERABLE: Ten step local simple feeling direction without." /></port></ports></host><host><status state="up" reason="syn-ack" /><address addr="23.97.152.95" addrtype="ipv4" /><hostnames><hostname name="patrick.com" type="user" /></hostnames><ports><port protocol="tcp" portid="3306"><state state="open" reason="syn-ack" /><service name="ftp" product="Apache httpd" version="10.4.11" /></port><port protocol="tcp" portid="80"><state state="open" reason="syn-ack" /><service name="ssh" product="OpenSSH" version="8.3.20" /></port><port protocol="tcp" portid="22"><state state="open" reason="syn-ack" /><service name="ftp" product="MySQL" version="10.6.12" /><script id="http-vuln-cve2017-5638" output="VULNERABLE: Radio cut meeting discover or budget site city." /></port></ports></host><host><status state="up" reason="syn-ack" /><address addr="104.71.184.49" addrtype="ipv4" /><hostnames><hostname name="bowen.net" type="user" /></hostnames><ports><port protocol="tcp" portid="21"><state state="open" reason="syn-ack" /><service name="ssh" product="Apache httpd" version="8.1.17" /></port><port protocol="tcp" portid="8080"><state state="open" reason="syn-ack" /><service name="postgresql" product="OpenSSH" version="1.6.10" /></port><port protocol="tcp" portid="443"><state state="open" reason="syn-ack" /><service name="mysql" product="MySQL" version="3.8.14" /></port><port protocol="tcp" portid="22"><state state="open" reason="syn-ack" /><service name="ssh" product="OpenSSH" version="1.4.8" /></port><port protocol="tcp" portid="8443"><state state="open" reason="syn-ack" /><service name="ftp" product="PostgreSQL" version="8.7.15" /></port></ports></host></nmaprun>