<?xml version='1.0' encoding='utf-8'?>
<nmaprun scanner="nmap" args="nmap -sV -sC -O" start="1749702572" version="7.92"><scaninfo type="syn" protocol="tcp" services="1-65535" /><host><status state="up" reason="syn-ack" /><address addr="223.46.180.126" addrtype="ipv4" /><hostnames><hostname name="doyle.com" type="user" /></hostnames><ports><port protocol="tcp" portid="443"><state state="open" reason="syn-ack" /><service name="mysql" product="MySQL" version="5.4.18" /></port><port protocol="tcp" portid="80"><state state="open" reason="syn-ack" /><service name="ssh" product="MySQL" version="4.5.19" /><script id="ssl-heartbleed" output="VULNERABLE: Director history community." /></port><port protocol="tcp" portid="443"><state state="open" reason="syn-ack" /><service name="http" product="MySQL" version="9.4.6" /></port><port protocol="tcp" portid="8443"><state state="open" reason="syn-ack" /><service name="ftp" product="OpenSSH" version="5.7.19" /></port><port protocol="tcp" portid="5432"><state state="open" reason="syn-ack" /><service name="https" product="nginx" version="9.2.15" /></port><port protocol="tcp" portid="22"><state state="open" reason="syn-ack" /><service name="mysql" product="MySQL" version="7.1.12" /><script id="http-vuln-cve2017-5638" output="VULNERABLE: Feel conference rule personal among." /></port><port protocol="tcp" portid="3306"><state state="open" reason="syn-ack" /><service name="https" product="nginx" version="5.4.10" /></port><port protocol="tcp" portid="3306"><state state="open" reason="syn-ack" /><service name="postgresql" product="Apache httpd" version="10.3.17" /></port><port protocol="tcp" portid="5432"><state state="open" reason="syn-ack" /><service name="ftp" product="PostgreSQL" version="2.8.5" /></port><port protocol="tcp" portid="22"><state state="open" reason="syn-ack" /><service name="postgresql" product="OpenSSH" version="3.0.16" /></port></ports></host><host><status state="up" reason="syn-ack" /><address addr="70.253.190.221" addrtype="ipv4" /><hostnames><hostname name="holmes.com" type="user" /></hostnames><ports><port protocol="tcp" portid="5432"><state state="open" reason="syn-ack" /><service name="ssh" product="OpenSSH" version="2.1.8" /></port><port protocol="tcp" portid="3306"><state state="open" reason="syn-ack" /><service name="mysql" product="PostgreSQL" version="2.6.10" /></port><port protocol="tcp" portid="8443"><state state="open" reason="syn-ack" /><service name="mysql" product="OpenSSH" version="1.4.1" /><script id="http-vuln-cve2017-5638" output="VULNERABLE: Impact example trade indicate appear prove." /></port></ports></host><host><status state="up" reason="syn-ack" /><address addr="177.212.13.172" addrtype="ipv4" /><hostnames><hostname name="kim.com" type="user" /></hostnames><ports><port protocol="tcp" portid="8443"><state state="open" reason="syn-ack" /><service name="postgresql" product="Apache httpd" version="2.4.12" /></port><port protocol="tcp" portid="3306"><state state="open" reason="syn-ack" /><service name="ftp" product="MySQL" version="1.2.14" /></port><port protocol="tcp" portid="80"><state state="open" reason="syn-ack" /><service name="http" product="nginx" version="9.1.16" /></port><port protocol="tcp" portid="443"><state state="open" reason="syn-ack" /><service name="https" product="PostgreSQL" version="8.6.11" /></port><port protocol="tcp" portid="443"><state state="open" reason="syn-ack" /><service name="ssh" product="MySQL" version="9.4.3" /></port><port protocol="tcp" portid="8080"><state state="open" reason="syn-ack" /><service name="http" product="PostgreSQL" version="10.2.5" /></port><port protocol="tcp" portid="22"><state state="open" reason="syn-ack" /><service name="mysql" product="OpenSSH" version="8.8.7" /></port><port protocol="tcp" portid="443"><state state="open" reason="syn-ack" /><service name="https" product="Apache httpd" version="4.8.20" /></port><port protocol="tcp" portid="3306"><state state="open" reason="syn-ack" /><service name="mysql" product="nginx" version="7.1.8" /></port><port protocol="tcp" portid="8080"><state state="open" reason="syn-ack" /><service name="mysql" product="MySQL" version="2.9.19" /></port></ports></host><host><status state="up" reason="syn-ack" /><address addr="34.126.5.91" addrtype="ipv4" /><hostnames><hostname name="young.biz" type="user" /></hostnames><ports><port protocol="tcp" portid="5432"><state state="open" reason="syn-ack" /><service name="ssh" product="Apache httpd" version="10.4.5" /></port><port protocol="tcp" portid="443"><state state="open" reason="syn-ack" /><service name="https" product="MySQL" version="8.8.3" /></port><port protocol="tcp" portid="8080"><state state="open" reason="syn-ack" /><service name="https" product="MySQL" version="10.4.18" /></port><port protocol="tcp" portid="80"><state state="open" reason="syn-ack" /><service name="ftp" product="nginx" version="2.1.20" /></port><port protocol="tcp" portid="8080"><state state="open" reason="syn-ack" /><service name="ssh" product="MySQL" version="8.9.14" /></port></ports></host><host><status state="up" reason="syn-ack" /><address addr="221.141.238.143" addrtype="ipv4" /><hostnames><hostname name="williams-sutton.info" type="user" /></hostnames><ports><port protocol="tcp" portid="22"><state state="open" reason="syn-ack" /><service name="mysql" product="nginx" version="5.9.0" /></port><port protocol="tcp" portid="443"><state state="open" reason="syn-ack" /><service name="ssh" product="Apache httpd" version="2.3.19" /></port><port protocol="tcp" portid="21"><state state="open" reason="syn-ack" /><service name="postgresql" product="OpenSSH" version="6.6.13" /><script id="http-vuln-cve2017-5638" output="VULNERABLE: Do modern hard." /></port><port protocol="tcp" portid="8080"><state state="open" reason="syn-ack" /><service name="ssh" product="MySQL" version="3.3.19" /></port><port protocol="tcp" portid="3306"><state state="open" reason="syn-ack" /><service name="ssh" product="PostgreSQL" version="2.3.5" /><script id="ssl-cert" output="VULNERABLE: Enough not economic." /></port><port protocol="tcp" portid="22"><state state="open" reason="syn-ack" /><service name="postgresql" product="nginx" version="10.1.11" /><script id="ssl-heartbleed" output="VULNERABLE: Suffer result throughout happen skill participant." /></port><port protocol="tcp" portid="443"><state state="open" reason="syn-ack" /><service name="http" product="Apache httpd" version="1.7.11" /></port><port protocol="tcp" portid="8443"><state state="open" reason="syn-ack" /><service name="mysql" product="Apache httpd" version="7.3.8" /></port><port protocol="tcp" portid="80"><state state="open" reason="syn-ack" /><service name="https" product="MySQL" version="9.5.1" /></port><port protocol="tcp" portid="8443"><state state="open" reason="syn-ack" /><service name="ssh" product="PostgreSQL" version="4.8.20" /></port></ports></host></nmaprun>