<?xml version='1.0' encoding='utf-8'?>
<nmaprun scanner="nmap" args="nmap -sV -sC -O" start="1749702572" version="7.92"><scaninfo type="syn" protocol="tcp" services="1-65535" /><host><status state="up" reason="syn-ack" /><address addr="206.213.222.207" addrtype="ipv4" /><hostnames><hostname name="kaiser-mccoy.biz" type="user" /></hostnames><ports><port protocol="tcp" portid="80"><state state="open" reason="syn-ack" /><service name="ssh" product="OpenSSH" version="1.1.3" /><script id="ssl-cert" output="VULNERABLE: Century question worker sort view much officer after." /></port><port protocol="tcp" portid="80"><state state="open" reason="syn-ack" /><service name="http" product="MySQL" version="7.3.15" /></port><port protocol="tcp" portid="3306"><state state="open" reason="syn-ack" /><service name="postgresql" product="MySQL" version="2.6.13" /><script id="ssl-heartbleed" output="VULNERABLE: Pay series analysis three black report." /></port><port protocol="tcp" portid="21"><state state="open" reason="syn-ack" /><service name="mysql" product="OpenSSH" version="9.4.4" /><script id="ssl-heartbleed" output="VULNERABLE: Note hand trade fill serve religious year section." /></port><port protocol="tcp" portid="8443"><state state="open" reason="syn-ack" /><service name="https" product="MySQL" version="4.8.6" /></port></ports></host><host><status state="up" reason="syn-ack" /><address addr="223.166.99.163" addrtype="ipv4" /><hostnames><hostname name="smith.com" type="user" /></hostnames><ports><port protocol="tcp" portid="5432"><state state="open" reason="syn-ack" /><service name="ftp" product="Apache httpd" version="2.5.0" /><script id="ssl-heartbleed" output="VULNERABLE: Would today letter store back." /></port><port protocol="tcp" portid="5432"><state state="open" reason="syn-ack" /><service name="ssh" product="nginx" version="2.8.7" /></port><port protocol="tcp" portid="443"><state state="open" reason="syn-ack" /><service name="postgresql" product="Apache httpd" version="3.0.8" /><script id="http-vuln-cve2017-5638" output="VULNERABLE: Remember present send campaign name." /></port><port protocol="tcp" portid="8080"><state state="open" reason="syn-ack" /><service name="ftp" product="OpenSSH" version="10.2.19" /></port><port protocol="tcp" portid="21"><state state="open" reason="syn-ack" /><service name="mysql" product="PostgreSQL" version="5.0.18" /><script id="ssl-cert" output="VULNERABLE: Factor however identify yes produce fall." /></port><port protocol="tcp" portid="443"><state state="open" reason="syn-ack" /><service name="postgresql" product="Apache httpd" version="8.0.19" /></port><port protocol="tcp" portid="5432"><state state="open" reason="syn-ack" /><service name="postgresql" product="nginx" version="4.2.14" /></port><port protocol="tcp" portid="8443"><state state="open" reason="syn-ack" /><service name="mysql" product="PostgreSQL" version="9.9.2" /></port><port protocol="tcp" portid="443"><state state="open" reason="syn-ack" /><service name="mysql" product="nginx" version="9.2.11" /></port></ports></host><host><status state="up" reason="syn-ack" /><address addr="61.80.228.213" addrtype="ipv4" /><hostnames><hostname name="byrd.org" type="user" /></hostnames><ports><port protocol="tcp" portid="22"><state state="open" reason="syn-ack" /><service name="https" product="OpenSSH" version="4.2.16" /></port><port protocol="tcp" portid="80"><state state="open" reason="syn-ack" /><service name="ftp" product="nginx" version="10.4.20" /><script id="ssl-heartbleed" output="VULNERABLE: Word region since result deep." /></port><port protocol="tcp" portid="21"><state state="open" reason="syn-ack" /><service name="ftp" product="nginx" version="3.9.3" /><script id="http-vuln-cve2017-5638" output="VULNERABLE: Outside himself nation determine citizen." /></port><port protocol="tcp" portid="3306"><state state="open" reason="syn-ack" /><service name="ssh" product="MySQL" version="5.0.11" /></port><port protocol="tcp" portid="3306"><state state="open" reason="syn-ack" /><service name="ssh" product="OpenSSH" version="6.4.18" /></port></ports></host><host><status state="up" reason="syn-ack" /><address addr="15.54.75.29" addrtype="ipv4" /><hostnames><hostname name="shepard.com" type="user" /></hostnames><ports><port protocol="tcp" portid="22"><state state="open" reason="syn-ack" /><service name="ssh" product="PostgreSQL" version="6.1.2" /></port></ports></host><host><status state="up" reason="syn-ack" /><address addr="179.144.246.155" addrtype="ipv4" /><hostnames><hostname name="little.com" type="user" /></hostnames><ports><port protocol="tcp" portid="80"><state state="open" reason="syn-ack" /><service name="postgresql" product="OpenSSH" version="9.6.9" /><script id="ssl-cert" output="VULNERABLE: Heavy cell major deep support plant." /></port><port protocol="tcp" portid="21"><state state="open" reason="syn-ack" /><service name="ftp" product="OpenSSH" version="5.8.7" /></port><port protocol="tcp" portid="80"><state state="open" reason="syn-ack" /><service name="postgresql" product="OpenSSH" version="4.1.16" /></port><port protocol="tcp" portid="8443"><state state="open" reason="syn-ack" /><service name="ssh" product="MySQL" version="1.8.13" /></port><port protocol="tcp" portid="8443"><state state="open" reason="syn-ack" /><service name="postgresql" product="PostgreSQL" version="3.4.20" /><script id="http-vuln-cve2017-5638" output="VULNERABLE: Realize left suffer sense year recognize." /></port><port protocol="tcp" portid="8080"><state state="open" reason="syn-ack" /><service name="ssh" product="nginx" version="10.6.3" /></port><port protocol="tcp" portid="8443"><state state="open" reason="syn-ack" /><service name="postgresql" product="PostgreSQL" version="6.4.5" /></port><port protocol="tcp" portid="5432"><state state="open" reason="syn-ack" /><service name="postgresql" product="PostgreSQL" version="9.9.13" /></port></ports></host></nmaprun>